TN:
SF:/home/chase/Documents/RIT/RIT_2025/capstone/defi_capstone/lib/openzeppelin-contracts/contracts/utils/Address.sol
DA:1,0
DA:11,0
DA:62,7
DA:63,9
DA:75,8
DA:76,7
DA:77,0
DA:79,72
DA:80,11
DA:106,8
DA:110,1
DA:111,4
DA:112,4
DA:116,20
DA:117,21
DA:119,5
DA:138,1
DA:140,8
DA:143,6
DA:146,14
end_of_record

SF:/home/chase/Documents/RIT/RIT_2025/capstone/defi_capstone/lib/openzeppelin-contracts/contracts/utils/Errors.sol
DA:14,0
end_of_record

SF:/home/chase/Documents/RIT/RIT_2025/capstone/defi_capstone/lib/openzeppelin-contracts/contracts/utils/ReentrancyGuard.sol
DA:37,2
DA:38,2
DA:48,5
DA:59,4
DA:61,4
DA:64,2
DA:66,6
DA:67,14
DA:71,5
DA:74,2
DA:77,5
end_of_record

SF:/home/chase/Documents/RIT/RIT_2025/capstone/defi_capstone/lib/solmate/src/tokens/ERC20.sol
DA:21,0
DA:23,0
DA:25,0
DA:31,0
DA:33,51
DA:35,60
DA:45,0
DA:51,3
DA:56,11
DA:57,11
DA:58,11
DA:60,7
DA:61,14
DA:68,40
DA:69,40
DA:71,23
DA:73,3
DA:76,40
DA:77,36
DA:82,31
DA:85,23
DA:87,3
DA:90,40
DA:94,1
DA:95,39
DA:97,53
DA:99,36
DA:104,31
DA:107,23
DA:109,4
DA:116,18
DA:125,26
DA:129,0
DA:130,52
DA:131,6
DA:132,23
DA:134,4
DA:135,6
DA:136,27
DA:137,1
DA:140,1
DA:141,1
DA:142,1
DA:143,31
DA:144,1
DA:149,1
DA:150,1
DA:151,1
DA:154,42
DA:156,0
DA:159,0
DA:162,4
DA:163,10
DA:166,4
DA:167,2
DA:168,6
DA:169,26
DA:170,1
DA:171,16
DA:172,1
DA:173,1
DA:174,1
DA:183,4
DA:184,19
DA:189,31
DA:192,23
end_of_record

SF:/home/chase/Documents/RIT/RIT_2025/capstone/defi_capstone/src/Token.sol
DA:6,148
DA:7,35
DA:10,23
DA:11,6
DA:15,41
DA:16,9
end_of_record

SF:/home/chase/Documents/RIT/RIT_2025/capstone/defi_capstone/src/truster/TrusterLenderPool.sol
DA:16,110
DA:19,0
DA:22,0
DA:23,0
DA:24,0
DA:33,31
DA:34,11
DA:41,42
DA:44,1
DA:46,69
DA:49,7
DA:50,70
DA:51,18
DA:52,36
DA:53,20
DA:58,24
DA:59,73
DA:60,22
DA:64,72
DA:65,14
DA:68,18
DA:69,20
DA:70,4
DA:77,23
DA:79,77
DA:85,27
DA:86,1
DA:87,1
DA:88,1
DA:90,6
DA:91,66
DA:92,2
DA:93,2
end_of_record

SF:/home/chase/Documents/RIT/RIT_2025/capstone/defi_capstone/test/truster/TrusterEchidnaChallenge.sol
DA:11,248
DA:12,33
DA:13,34
DA:16,26
DA:17,24
DA:20,24
DA:21,27
DA:22,27
DA:24,7
DA:26,48
DA:27,59
DA:30,11
DA:33,62
DA:34,88
DA:37,64
DA:45,0
DA:46,0
DA:47,0
DA:53,0
DA:54,0
DA:55,0
DA:61,0
DA:62,0
DA:63,0
DA:69,0
DA:70,0
DA:72,0
DA:80,23
DA:81,18
DA:84,47
DA:86,1
DA:87,1
DA:90,98
DA:92,92
DA:93,18
DA:95,99
DA:105,22
DA:106,18
DA:108,69
DA:109,18
DA:118,24
DA:119,18
DA:121,91
DA:123,94
DA:124,18
DA:134,27
DA:140,18
DA:143,88
DA:144,1
DA:147,91
DA:149,81
DA:150,18
DA:160,23
DA:161,18
DA:163,100
DA:165,94
DA:166,18
DA:178,35
DA:179,1
DA:180,1
DA:181,1
DA:182,1
DA:183,1
DA:184,1
DA:185,1
DA:187,78
DA:189,17
DA:190,1
DA:191,75
DA:192,87
DA:193,2
DA:194,2
DA:195,1
DA:196,1
DA:203,8
DA:204,6
DA:205,6
end_of_record

